/*C9*/CONNECT USER SA
SET AUTOCOMMIT FALSE
DISCONNECT
/*C10*/CONNECT USER SA
SET AUTOCOMMIT FALSE
/*C11*/CONNECT USER SA
SET AUTOCOMMIT FALSE
/*C10*/DISCONNECT
/*C11*/DISCONNECT
/*C12*/CONNECT USER SA
SET AUTOCOMMIT FALSE
DISCONNECT
/*C13*/CONNECT USER SA
SET AUTOCOMMIT FALSE
INSERT INTO POST VALUES(1,'2005-03-12 12:30:36.234','new','post')
/*C14*/CONNECT USER SA
SET AUTOCOMMIT FALSE
INSERT INTO POST VALUES(2,'2005-03-12 12:30:56.598','another post','here is another post')
/*C15*/CONNECT USER SA
SET AUTOCOMMIT FALSE
/*C16*/CONNECT USER SA
SET AUTOCOMMIT FALSE
DISCONNECT
/*C17*/CONNECT USER SA
SET AUTOCOMMIT FALSE
/*C18*/CONNECT USER SA
SET AUTOCOMMIT FALSE
/*C19*/CONNECT USER SA
SET AUTOCOMMIT FALSE
/*C20*/CONNECT USER SA
/*C19*/DELETE FROM POST WHERE ID=2
INSERT INTO POST VALUES(2,'2005-03-12 12:30:56.598','another post','here is another post i have chaged')
/*C20*/DISCONNECT
